2022-05-18 21:28:42,846 [+] UDP server at ('127.0.0.1', 42069)
2022-05-18 21:28:59,853 [?] Receive message: b'GIV_IMG_001_BID'
2022-05-18 21:28:59,853 [?] From: ('127.0.0.1', 55677)
2022-05-18 21:28:59,853 [?] Send image place(BID) number 2 to ('127.0.0.1', 55677)
2022-05-18 21:28:59,859 [?] LEN: 284
2022-05-18 21:28:59,863 [*] GOT ACK 0
2022-05-18 21:28:59,864 [*] GOT ACK 1
2022-05-18 21:28:59,864 [*] GOT ACK 2
2022-05-18 21:28:59,865 [*] GOT ACK 3
2022-05-18 21:28:59,865 [*] GOT ACK 4
2022-05-18 21:28:59,868 [*] GOT ACK 5
2022-05-18 21:28:59,869 [*] GOT ACK 6
2022-05-18 21:28:59,869 [*] GOT ACK 7
2022-05-18 21:28:59,869 [*] GOT ACK 8
2022-05-18 21:28:59,869 [*] GOT ACK 9
2022-05-18 21:28:59,871 [*] GOT ACK 10
2022-05-18 21:28:59,872 [*] GOT ACK 11
2022-05-18 21:28:59,875 [*] GOT ACK 12
2022-05-18 21:28:59,875 [*] GOT ACK 13
2022-05-18 21:28:59,876 [*] GOT ACK 14
2022-05-18 21:28:59,879 [*] GOT ACK 15
2022-05-18 21:28:59,879 [*] GOT ACK 16
2022-05-18 21:28:59,880 [*] GOT ACK 17
2022-05-18 21:28:59,880 [*] GOT ACK 18
2022-05-18 21:28:59,880 [*] GOT ACK 19
2022-05-18 21:28:59,883 [*] GOT ACK 20
2022-05-18 21:28:59,884 [*] GOT ACK 21
2022-05-18 21:28:59,884 [*] GOT ACK 22
2022-05-18 21:28:59,884 [*] GOT ACK 23
2022-05-18 21:28:59,885 [*] GOT ACK 24
2022-05-18 21:28:59,886 [*] GOT ACK 25
2022-05-18 21:28:59,886 [*] GOT ACK 26
2022-05-18 21:28:59,887 [*] GOT ACK 27
2022-05-18 21:28:59,887 [*] GOT ACK 28
2022-05-18 21:28:59,888 [*] GOT ACK 29
2022-05-18 21:28:59,891 [*] GOT ACK 30
2022-05-18 21:28:59,892 [*] GOT ACK 31
2022-05-18 21:28:59,893 [*] GOT ACK 32
2022-05-18 21:28:59,894 [*] GOT ACK 33
2022-05-18 21:28:59,895 [*] GOT ACK 34
2022-05-18 21:28:59,898 [*] GOT ACK 35
2022-05-18 21:28:59,898 [*] GOT ACK 36
2022-05-18 21:28:59,898 [*] GOT ACK 37
2022-05-18 21:28:59,898 [*] GOT ACK 38
2022-05-18 21:28:59,899 [*] GOT ACK 39
2022-05-18 21:28:59,901 [*] GOT ACK 40
2022-05-18 21:28:59,901 [*] GOT ACK 41
2022-05-18 21:28:59,901 [*] GOT ACK 42
2022-05-18 21:28:59,902 [*] GOT ACK 43
2022-05-18 21:28:59,902 [*] GOT ACK 44
2022-05-18 21:28:59,904 [*] GOT ACK 45
2022-05-18 21:28:59,904 [*] GOT ACK 46
2022-05-18 21:28:59,904 [*] GOT ACK 47
2022-05-18 21:28:59,904 [*] GOT ACK 48
2022-05-18 21:28:59,905 [*] GOT ACK 49
2022-05-18 21:28:59,907 [*] GOT ACK 50
2022-05-18 21:28:59,907 [*] GOT ACK 51
2022-05-18 21:28:59,907 [*] GOT ACK 52
2022-05-18 21:28:59,907 [*] GOT ACK 53
2022-05-18 21:28:59,907 [*] GOT ACK 54
2022-05-18 21:28:59,908 [*] GOT ACK 55
2022-05-18 21:28:59,909 [*] GOT ACK 56
2022-05-18 21:28:59,909 [*] GOT ACK 57
2022-05-18 21:28:59,910 [*] GOT ACK 58
2022-05-18 21:28:59,911 [*] GOT ACK 59
2022-05-18 21:28:59,911 [*] GOT ACK 60
2022-05-18 21:28:59,912 [*] GOT ACK 61
2022-05-18 21:28:59,913 [*] GOT ACK 62
2022-05-18 21:28:59,914 [*] GOT ACK 63
2022-05-18 21:28:59,915 [*] GOT ACK 64
2022-05-18 21:28:59,915 [*] GOT ACK 65
2022-05-18 21:28:59,916 [*] GOT ACK 66
2022-05-18 21:28:59,917 [*] GOT ACK 67
2022-05-18 21:28:59,917 [*] GOT ACK 68
2022-05-18 21:28:59,918 [*] GOT ACK 69
2022-05-18 21:28:59,919 [*] GOT ACK 70
2022-05-18 21:28:59,919 [*] GOT ACK 71
2022-05-18 21:28:59,920 [*] GOT ACK 72
2022-05-18 21:28:59,921 [*] GOT ACK 73
2022-05-18 21:28:59,921 [*] GOT ACK 74
2022-05-18 21:28:59,922 [*] GOT ACK 75
2022-05-18 21:28:59,923 [*] GOT ACK 76
2022-05-18 21:28:59,923 [*] GOT ACK 77
2022-05-18 21:28:59,924 [*] GOT ACK 78
2022-05-18 21:28:59,924 [*] GOT ACK 79
2022-05-18 21:28:59,925 [*] GOT ACK 80
2022-05-18 21:28:59,926 [*] GOT ACK 81
2022-05-18 21:28:59,926 [*] GOT ACK 82
2022-05-18 21:28:59,927 [*] GOT ACK 83
2022-05-18 21:28:59,928 [*] GOT ACK 84
2022-05-18 21:28:59,929 [*] GOT ACK 85
2022-05-18 21:28:59,929 [*] GOT ACK 86
2022-05-18 21:28:59,930 [*] GOT ACK 87
2022-05-18 21:28:59,931 [*] GOT ACK 88
2022-05-18 21:28:59,931 [*] GOT ACK 89
2022-05-18 21:28:59,932 [*] GOT ACK 90
2022-05-18 21:28:59,933 [*] GOT ACK 91
2022-05-18 21:28:59,933 [*] GOT ACK 92
2022-05-18 21:28:59,934 [*] GOT ACK 93
2022-05-18 21:28:59,935 [*] GOT ACK 94
2022-05-18 21:28:59,936 [*] GOT ACK 95
2022-05-18 21:28:59,936 [*] GOT ACK 96
2022-05-18 21:28:59,937 [*] GOT ACK 97
2022-05-18 21:28:59,938 [*] GOT ACK 98
2022-05-18 21:28:59,938 [*] GOT ACK 99
2022-05-18 21:28:59,939 [*] GOT ACK 100
2022-05-18 21:28:59,940 [*] GOT ACK 101
2022-05-18 21:28:59,940 [*] GOT ACK 102
2022-05-18 21:28:59,941 [*] GOT ACK 103
2022-05-18 21:28:59,941 [*] GOT ACK 104
2022-05-18 21:28:59,942 [*] GOT ACK 105
2022-05-18 21:28:59,943 [*] GOT ACK 106
2022-05-18 21:28:59,944 [*] GOT ACK 107
2022-05-18 21:28:59,944 [*] GOT ACK 108
2022-05-18 21:28:59,945 [*] GOT ACK 109
2022-05-18 21:28:59,945 [*] GOT ACK 110
2022-05-18 21:28:59,946 [*] GOT ACK 111
2022-05-18 21:28:59,947 [*] GOT ACK 112
2022-05-18 21:28:59,948 [*] GOT ACK 113
2022-05-18 21:28:59,948 [*] GOT ACK 114
2022-05-18 21:28:59,949 [*] GOT ACK 115
2022-05-18 21:28:59,950 [*] GOT ACK 116
2022-05-18 21:28:59,950 [*] GOT ACK 117
2022-05-18 21:28:59,951 [*] GOT ACK 118
2022-05-18 21:28:59,952 [*] GOT ACK 119
2022-05-18 21:28:59,952 [*] GOT ACK 120
2022-05-18 21:28:59,953 [*] GOT ACK 121
2022-05-18 21:28:59,954 [*] GOT ACK 122
2022-05-18 21:28:59,954 [*] GOT ACK 123
2022-05-18 21:28:59,955 [*] GOT ACK 124
2022-05-18 21:28:59,956 [*] GOT ACK 125
2022-05-18 21:28:59,956 [*] GOT ACK 126
2022-05-18 21:28:59,957 [*] GOT ACK 127
2022-05-18 21:28:59,957 [*] GOT ACK 128
2022-05-18 21:28:59,958 [*] GOT ACK 129
2022-05-18 21:28:59,958 [*] GOT ACK 130
2022-05-18 21:28:59,958 [*] GOT ACK 131
2022-05-18 21:28:59,959 [*] GOT ACK 132
2022-05-18 21:28:59,959 [*] GOT ACK 133
2022-05-18 21:28:59,960 [*] GOT ACK 134
2022-05-18 21:28:59,960 [*] GOT ACK 135
2022-05-18 21:28:59,960 [*] GOT ACK 136
2022-05-18 21:28:59,961 [*] GOT ACK 137
2022-05-18 21:28:59,961 [*] GOT ACK 138
2022-05-18 21:28:59,962 [*] GOT ACK 139
2022-05-18 21:28:59,962 [*] GOT ACK 140
2022-05-18 21:28:59,962 [*] GOT ACK 141
2022-05-18 21:28:59,963 [*] GOT ACK 142
2022-05-18 21:28:59,963 [*] GOT ACK 143
2022-05-18 21:28:59,964 [*] GOT ACK 144
2022-05-18 21:28:59,964 [*] GOT ACK 145
2022-05-18 21:28:59,964 [*] GOT ACK 146
2022-05-18 21:28:59,964 [*] GOT ACK 147
2022-05-18 21:28:59,965 [*] GOT ACK 148
2022-05-18 21:28:59,965 [*] GOT ACK 149
2022-05-18 21:28:59,965 [*] GOT ACK 150
2022-05-18 21:28:59,965 [*] GOT ACK 151
2022-05-18 21:28:59,966 [*] GOT ACK 152
2022-05-18 21:28:59,966 [*] GOT ACK 153
2022-05-18 21:28:59,966 [*] GOT ACK 154
2022-05-18 21:28:59,966 [*] GOT ACK 155
2022-05-18 21:28:59,967 [*] GOT ACK 156
2022-05-18 21:28:59,967 [*] GOT ACK 157
2022-05-18 21:28:59,967 [*] GOT ACK 158
2022-05-18 21:28:59,967 [*] GOT ACK 159
2022-05-18 21:28:59,968 [*] GOT ACK 160
2022-05-18 21:28:59,968 [*] GOT ACK 161
2022-05-18 21:28:59,968 [*] GOT ACK 162
2022-05-18 21:28:59,968 [*] GOT ACK 163
2022-05-18 21:28:59,968 [*] GOT ACK 164
2022-05-18 21:28:59,969 [*] GOT ACK 165
2022-05-18 21:28:59,969 [*] GOT ACK 166
2022-05-18 21:28:59,969 [*] GOT ACK 167
2022-05-18 21:28:59,969 [*] GOT ACK 168
2022-05-18 21:28:59,969 [*] GOT ACK 169
2022-05-18 21:28:59,970 [*] GOT ACK 170
2022-05-18 21:28:59,970 [*] GOT ACK 171
2022-05-18 21:28:59,970 [*] GOT ACK 172
2022-05-18 21:28:59,970 [*] GOT ACK 173
2022-05-18 21:28:59,970 [*] GOT ACK 174
2022-05-18 21:28:59,971 [*] GOT ACK 175
2022-05-18 21:28:59,971 [*] GOT ACK 176
2022-05-18 21:28:59,971 [*] GOT ACK 177
2022-05-18 21:28:59,971 [*] GOT ACK 178
2022-05-18 21:28:59,971 [*] GOT ACK 179
2022-05-18 21:28:59,972 [*] GOT ACK 180
2022-05-18 21:28:59,972 [*] GOT ACK 181
2022-05-18 21:28:59,972 [*] GOT ACK 182
2022-05-18 21:28:59,973 [*] GOT ACK 183
2022-05-18 21:28:59,973 [*] GOT ACK 184
2022-05-18 21:28:59,973 [*] GOT ACK 185
2022-05-18 21:28:59,973 [*] GOT ACK 186
2022-05-18 21:28:59,973 [*] GOT ACK 187
2022-05-18 21:28:59,974 [*] GOT ACK 188
2022-05-18 21:28:59,974 [*] GOT ACK 189
2022-05-18 21:28:59,974 [*] GOT ACK 190
2022-05-18 21:28:59,974 [*] GOT ACK 191
2022-05-18 21:28:59,975 [*] GOT ACK 192
2022-05-18 21:28:59,975 [*] GOT ACK 193
2022-05-18 21:28:59,975 [*] GOT ACK 194
2022-05-18 21:28:59,976 [*] GOT ACK 195
2022-05-18 21:28:59,976 [*] GOT ACK 196
2022-05-18 21:28:59,976 [*] GOT ACK 197
2022-05-18 21:28:59,976 [*] GOT ACK 198
2022-05-18 21:28:59,976 [*] GOT ACK 199
2022-05-18 21:28:59,977 [*] GOT ACK 200
2022-05-18 21:28:59,977 [*] GOT ACK 201
2022-05-18 21:28:59,977 [*] GOT ACK 202
2022-05-18 21:28:59,977 [*] GOT ACK 203
2022-05-18 21:28:59,977 [*] GOT ACK 204
2022-05-18 21:28:59,978 [*] GOT ACK 205
2022-05-18 21:28:59,978 [*] GOT ACK 206
2022-05-18 21:28:59,978 [*] GOT ACK 207
2022-05-18 21:28:59,978 [*] GOT ACK 208
2022-05-18 21:28:59,978 [*] GOT ACK 209
2022-05-18 21:28:59,979 [*] GOT ACK 210
2022-05-18 21:28:59,979 [*] GOT ACK 211
2022-05-18 21:28:59,979 [*] GOT ACK 212
2022-05-18 21:28:59,979 [*] GOT ACK 213
2022-05-18 21:28:59,979 [*] GOT ACK 214
2022-05-18 21:28:59,980 [*] GOT ACK 215
2022-05-18 21:28:59,980 [*] GOT ACK 216
2022-05-18 21:28:59,980 [*] GOT ACK 217
2022-05-18 21:28:59,980 [*] GOT ACK 218
2022-05-18 21:28:59,980 [*] GOT ACK 219
2022-05-18 21:28:59,981 [*] GOT ACK 220
2022-05-18 21:28:59,981 [*] GOT ACK 221
2022-05-18 21:28:59,981 [*] GOT ACK 222
2022-05-18 21:28:59,981 [*] GOT ACK 223
2022-05-18 21:28:59,981 [*] GOT ACK 224
2022-05-18 21:28:59,982 [*] GOT ACK 225
2022-05-18 21:28:59,982 [*] GOT ACK 226
2022-05-18 21:28:59,982 [*] GOT ACK 227
2022-05-18 21:28:59,982 [*] GOT ACK 228
2022-05-18 21:28:59,982 [*] GOT ACK 229
2022-05-18 21:28:59,983 [*] GOT ACK 230
2022-05-18 21:28:59,983 [*] GOT ACK 231
2022-05-18 21:28:59,983 [*] GOT ACK 232
2022-05-18 21:28:59,983 [*] GOT ACK 233
2022-05-18 21:28:59,984 [*] GOT ACK 234
2022-05-18 21:28:59,984 [*] GOT ACK 235
2022-05-18 21:28:59,984 [*] GOT ACK 236
2022-05-18 21:28:59,984 [*] GOT ACK 237
2022-05-18 21:28:59,985 [*] GOT ACK 238
2022-05-18 21:28:59,985 [*] GOT ACK 239
2022-05-18 21:28:59,985 [*] GOT ACK 240
2022-05-18 21:28:59,985 [*] GOT ACK 241
2022-05-18 21:28:59,985 [*] GOT ACK 242
2022-05-18 21:28:59,986 [*] GOT ACK 243
2022-05-18 21:28:59,986 [*] GOT ACK 244
2022-05-18 21:28:59,986 [*] GOT ACK 245
2022-05-18 21:28:59,986 [*] GOT ACK 246
2022-05-18 21:28:59,986 [*] GOT ACK 247
2022-05-18 21:28:59,987 [*] GOT ACK 248
2022-05-18 21:28:59,987 [*] GOT ACK 249
2022-05-18 21:28:59,987 [*] GOT ACK 250
2022-05-18 21:28:59,987 [*] GOT ACK 251
2022-05-18 21:28:59,987 [*] GOT ACK 252
2022-05-18 21:28:59,988 [*] GOT ACK 253
2022-05-18 21:28:59,988 [*] GOT ACK 254
2022-05-18 21:28:59,988 [*] GOT ACK 255
2022-05-18 21:28:59,988 [*] GOT ACK 256
2022-05-18 21:28:59,988 [*] GOT ACK 257
2022-05-18 21:28:59,989 [*] GOT ACK 258
2022-05-18 21:28:59,989 [*] GOT ACK 259
2022-05-18 21:28:59,989 [*] GOT ACK 260
2022-05-18 21:28:59,989 [*] GOT ACK 261
2022-05-18 21:28:59,990 [*] GOT ACK 262
2022-05-18 21:28:59,990 [*] GOT ACK 263
2022-05-18 21:28:59,990 [*] GOT ACK 264
2022-05-18 21:28:59,990 [*] GOT ACK 265
2022-05-18 21:28:59,991 [*] GOT ACK 266
2022-05-18 21:28:59,991 [*] GOT ACK 267
2022-05-18 21:28:59,991 [*] GOT ACK 268
2022-05-18 21:28:59,991 [*] GOT ACK 269
2022-05-18 21:28:59,992 [*] GOT ACK 270
2022-05-18 21:28:59,992 [*] GOT ACK 271
2022-05-18 21:28:59,992 [*] GOT ACK 272
2022-05-18 21:28:59,992 [*] GOT ACK 273
2022-05-18 21:28:59,992 [*] GOT ACK 274
2022-05-18 21:28:59,993 [*] GOT ACK 275
2022-05-18 21:28:59,993 [*] GOT ACK 276
2022-05-18 21:28:59,993 [*] GOT ACK 277
2022-05-18 21:28:59,993 [*] GOT ACK 278
2022-05-18 21:28:59,993 [*] GOT ACK 279
2022-05-18 21:28:59,994 [*] GOT ACK 280
2022-05-18 21:28:59,994 [*] GOT ACK 281
2022-05-18 21:28:59,994 [*] GOT ACK 282
2022-05-18 21:28:59,994 [*] GOT ACK 283
